<?xml version="1.0" encoding="UTF-8"?>
<!-- Generated by org.testng.reporters.JUnitXMLReporter -->
<testsuite ignored="0" hostname="LTIN666237" failures="0" tests="4" name="Chrome Test" time="15.179" errors="0" timestamp="2026-05-15T14:03:58 IST">
  <testcase classname="com.selenium.miniproject.RediffAlertMiniProject" name="testAlertOnEmptyUsername" time="0.25"/>
  <testcase classname="com.selenium.miniproject.RediffAlertMiniProject" name="testAlertOnEmptyPassword" time="0.264"/>
  <testcase classname="com.selenium.miniproject.RediffAlertMiniProject" name="testForgotPasswordAlert" time="2.969"/>
  <testcase classname="com.selenium.miniproject.RediffAlertMiniProject" name="testPrivacyPolicyNewTab" time="2.958"/>
</testsuite> <!-- Chrome Test -->
