<?xml version="1.0" encoding="UTF-8"?>
<testng-results ignored="0" total="4" passed="4" failed="0" skipped="0">
  <reporter-output>
  </reporter-output>
  <suite started-at="2026-05-15T14:03:43 IST" name="RediffAlertSuite" finished-at="2026-05-15T14:03:58 IST" duration-ms="15179">
    <groups>
    </groups>
    <test started-at="2026-05-15T14:03:43 IST" name="Chrome Test" finished-at="2026-05-15T14:03:58 IST" duration-ms="15179">
      <class name="com.selenium.miniproject.RediffAlertMiniProject">
        <test-method is-config="true" signature="setUp(java.lang.String)[pri:0, instance:com.selenium.miniproject.RediffAlertMiniProject@1ab3a8c8]" started-at="2026-05-15T14:03:43 IST" name="setUp" finished-at="2026-05-15T14:03:48 IST" duration-ms="5062" status="PASS">
          <params>
            <param index="0">
              <value>
                <![CDATA[chrome]]>
              </value>
            </param>
          </params>
          <reporter-output>
          </reporter-output>
        </test-method> <!-- setUp -->
        <test-method is-config="true" signature="resetSoftAssert()[pri:0, instance:com.selenium.miniproject.RediffAlertMiniProject@1ab3a8c8]" started-at="2026-05-15T14:03:48 IST" name="resetSoftAssert" finished-at="2026-05-15T14:03:48 IST" duration-ms="4" status="PASS">
          <reporter-output>
          </reporter-output>
        </test-method> <!-- resetSoftAssert -->
        <test-method signature="testAlertOnEmptyUsername()[pri:1, instance:com.selenium.miniproject.RediffAlertMiniProject@1ab3a8c8]" started-at="2026-05-15T14:03:48 IST" name="testAlertOnEmptyUsername" description="Sign In with empty username triggers alert" finished-at="2026-05-15T14:03:48 IST" duration-ms="250" status="PASS">
          <reporter-output>
          </reporter-output>
        </test-method> <!-- testAlertOnEmptyUsername -->
        <test-method is-config="true" signature="afterEachTest(org.testng.ITestResult)[pri:0, instance:com.selenium.miniproject.RediffAlertMiniProject@1ab3a8c8]" started-at="2026-05-15T14:03:48 IST" name="afterEachTest" finished-at="2026-05-15T14:03:49 IST" duration-ms="263" status="PASS">
          <params>
            <param index="0">
              <value>
                <![CDATA[[TestResult name=testAlertOnEmptyUsername status=SUCCESS method=RediffAlertMiniProject.testAlertOnEmptyUsername()[pri:1, instance:com.selenium.miniproject.RediffAlertMiniProject@1ab3a8c8] output={null}]]]>
              </value>
            </param>
          </params>
          <reporter-output>
          </reporter-output>
        </test-method> <!-- afterEachTest -->
        <test-method is-config="true" signature="resetSoftAssert()[pri:0, instance:com.selenium.miniproject.RediffAlertMiniProject@1ab3a8c8]" started-at="2026-05-15T14:03:49 IST" name="resetSoftAssert" finished-at="2026-05-15T14:03:49 IST" duration-ms="3" status="PASS">
          <reporter-output>
          </reporter-output>
        </test-method> <!-- resetSoftAssert -->
        <test-method signature="testAlertOnEmptyPassword()[pri:2, instance:com.selenium.miniproject.RediffAlertMiniProject@1ab3a8c8]" started-at="2026-05-15T14:03:49 IST" name="testAlertOnEmptyPassword" description="Sign In with empty password triggers alert" finished-at="2026-05-15T14:03:49 IST" duration-ms="264" status="PASS">
          <reporter-output>
          </reporter-output>
        </test-method> <!-- testAlertOnEmptyPassword -->
        <test-method is-config="true" signature="afterEachTest(org.testng.ITestResult)[pri:0, instance:com.selenium.miniproject.RediffAlertMiniProject@1ab3a8c8]" started-at="2026-05-15T14:03:49 IST" name="afterEachTest" finished-at="2026-05-15T14:03:49 IST" duration-ms="247" status="PASS">
          <params>
            <param index="0">
              <value>
                <![CDATA[[TestResult name=testAlertOnEmptyPassword status=SUCCESS method=RediffAlertMiniProject.testAlertOnEmptyPassword()[pri:2, instance:com.selenium.miniproject.RediffAlertMiniProject@1ab3a8c8] output={null}]]]>
              </value>
            </param>
          </params>
          <reporter-output>
          </reporter-output>
        </test-method> <!-- afterEachTest -->
        <test-method signature="testForgotPasswordAlert()[pri:3, instance:com.selenium.miniproject.RediffAlertMiniProject@1ab3a8c8]" started-at="2026-05-15T14:03:49 IST" name="testForgotPasswordAlert" description="Forgot Password page validation" finished-at="2026-05-15T14:03:52 IST" duration-ms="2969" status="PASS">
          <reporter-output>
          </reporter-output>
        </test-method> <!-- testForgotPasswordAlert -->
        <test-method is-config="true" signature="resetSoftAssert()[pri:0, instance:com.selenium.miniproject.RediffAlertMiniProject@1ab3a8c8]" started-at="2026-05-15T14:03:49 IST" name="resetSoftAssert" finished-at="2026-05-15T14:03:49 IST" duration-ms="0" status="PASS">
          <reporter-output>
          </reporter-output>
        </test-method> <!-- resetSoftAssert -->
        <test-method is-config="true" signature="afterEachTest(org.testng.ITestResult)[pri:0, instance:com.selenium.miniproject.RediffAlertMiniProject@1ab3a8c8]" started-at="2026-05-15T14:03:52 IST" name="afterEachTest" finished-at="2026-05-15T14:03:52 IST" duration-ms="237" status="PASS">
          <params>
            <param index="0">
              <value>
                <![CDATA[[TestResult name=testForgotPasswordAlert status=SUCCESS method=RediffAlertMiniProject.testForgotPasswordAlert()[pri:3, instance:com.selenium.miniproject.RediffAlertMiniProject@1ab3a8c8] output={null}]]]>
              </value>
            </param>
          </params>
          <reporter-output>
          </reporter-output>
        </test-method> <!-- afterEachTest -->
        <test-method is-config="true" signature="resetSoftAssert()[pri:0, instance:com.selenium.miniproject.RediffAlertMiniProject@1ab3a8c8]" started-at="2026-05-15T14:03:52 IST" name="resetSoftAssert" finished-at="2026-05-15T14:03:52 IST" duration-ms="0" status="PASS">
          <reporter-output>
          </reporter-output>
        </test-method> <!-- resetSoftAssert -->
        <test-method signature="testPrivacyPolicyNewTab()[pri:4, instance:com.selenium.miniproject.RediffAlertMiniProject@1ab3a8c8]" started-at="2026-05-15T14:03:52 IST" name="testPrivacyPolicyNewTab" description="Privacy Policy link opens in a new tab" finished-at="2026-05-15T14:03:55 IST" duration-ms="2958" status="PASS">
          <reporter-output>
          </reporter-output>
        </test-method> <!-- testPrivacyPolicyNewTab -->
        <test-method is-config="true" signature="afterEachTest(org.testng.ITestResult)[pri:0, instance:com.selenium.miniproject.RediffAlertMiniProject@1ab3a8c8]" started-at="2026-05-15T14:03:55 IST" name="afterEachTest" finished-at="2026-05-15T14:03:56 IST" duration-ms="285" status="PASS">
          <params>
            <param index="0">
              <value>
                <![CDATA[[TestResult name=testPrivacyPolicyNewTab status=SUCCESS method=RediffAlertMiniProject.testPrivacyPolicyNewTab()[pri:4, instance:com.selenium.miniproject.RediffAlertMiniProject@1ab3a8c8] output={null}]]]>
              </value>
            </param>
          </params>
          <reporter-output>
          </reporter-output>
        </test-method> <!-- afterEachTest -->
        <test-method is-config="true" signature="tearDown()[pri:0, instance:com.selenium.miniproject.RediffAlertMiniProject@1ab3a8c8]" started-at="2026-05-15T14:03:56 IST" name="tearDown" finished-at="2026-05-15T14:03:58 IST" duration-ms="2577" status="PASS">
          <reporter-output>
          </reporter-output>
        </test-method> <!-- tearDown -->
      </class> <!-- com.selenium.miniproject.RediffAlertMiniProject -->
    </test> <!-- Chrome Test -->
  </suite> <!-- RediffAlertSuite -->
</testng-results>
