<?xml version="1.0" encoding="UTF-8"?>
<!-- Generated by org.testng.reporters.JUnitReportReporter -->
<testsuite hostname="LTIN666237" failures="0" tests="4" name="com.selenium.miniproject.RediffAlertMiniProject" time="7.480" errors="0" timestamp="2026-05-15T14:03:58 IST" skipped="0">
  <testcase classname="com.selenium.miniproject.RediffAlertMiniProject" name="testAlertOnEmptyUsername" time="0.538"/>
  <testcase classname="com.selenium.miniproject.RediffAlertMiniProject" name="testAlertOnEmptyPassword" time="0.527"/>
  <testcase classname="com.selenium.miniproject.RediffAlertMiniProject" name="testForgotPasswordAlert" time="3.216"/>
  <testcase classname="com.selenium.miniproject.RediffAlertMiniProject" name="testPrivacyPolicyNewTab" time="3.199"/>
</testsuite> <!-- com.selenium.miniproject.RediffAlertMiniProject -->
